<?xml version="1.0" encoding="UTF-8"?>
<!-- Generated by org.testng.reporters.JUnitReportReporter -->
<testsuite hostname="DTE0228" name="com.sharpqa.comparesolution.test.ComparisonCompareOnlyTest" tests="10" failures="0" timestamp="9 Nov 2012 11:42:43 GMT" time="2.682" errors="1">
  <testcase name="testXMLPageObjectMapAgainstExpeted" time="0.058" classname="com.sharpqa.comparesolution.test.ComparisonCompareOnlyTest"/>
  <testcase name="testXMLPageObjectMapAgainstExpeted" time="0.439" classname="com.sharpqa.comparesolution.test.ComparisonCompareOnlyTest"/>
  <testcase name="testXMLPageObjectMapAgainstExpeted" time="0.538" classname="com.sharpqa.comparesolution.test.ComparisonCompareOnlyTest"/>
  <testcase name="testXMLPageObjectMapAgainstExpeted" time="0.087" classname="com.sharpqa.comparesolution.test.ComparisonCompareOnlyTest"/>
  <testcase name="testXMLPageObjectMapAgainstExpeted" time="0.040" classname="com.sharpqa.comparesolution.test.ComparisonCompareOnlyTest"/>
  <testcase name="testXMLPageObjectMapAgainstExpeted" time="0.425" classname="com.sharpqa.comparesolution.test.ComparisonCompareOnlyTest"/>
  <testcase name="testXMLPageObjectMapAgainstExpeted" time="0.401" classname="com.sharpqa.comparesolution.test.ComparisonCompareOnlyTest"/>
  <testcase name="testXMLPageObjectMapAgainstExpeted" time="0.460" classname="com.sharpqa.comparesolution.test.ComparisonCompareOnlyTest"/>
  <testcase name="testXMLPageObjectMapAgainstExpeted" time="0.116" classname="com.sharpqa.comparesolution.test.ComparisonCompareOnlyTest">
    <error type="java.lang.AssertionError" message="
Module:[FL01-carouselhero]***********************
Expected text value &#039;500&#039; 
but was &#039;954&#039; - comparing &lt;width ...&gt;500&lt;/width&gt; 
at /page-map[1]/areasOusideSection[1]/area[1]/modules[1]/module[1]/webElementSetComponentBeans[1]/element-group[1]/imageLinks[1]/picture-link[1]/width[1]/text()[1] to &lt;width ...&gt;954&lt;/width&gt; 
at /page-map[1]/areasOusideSection[1]/area[1]/modules[1]/module[1]/webElementSetComponentBeans[1]/element-group[1]/imageLinks[1]/picture-link[1]/width[1]/text()[1]
***********************
">
        <![CDATA[java.lang.AssertionError:
Module:[FL01-carouselhero]***********************
Expected text value '500' 
but was '954' - comparing <width ...>500</width> 
at /page-map[1]/areasOusideSection[1]/area[1]/modules[1]/module[1]/webElementSetComponentBeans[1]/element-group[1]/imageLinks[1]/picture-link[1]/width[1]/text()[1] to <width ...>954</width> 
at /page-map[1]/areasOusideSection[1]/area[1]/modules[1]/module[1]/webElementSetComponentBeans[1]/element-group[1]/imageLinks[1]/picture-link[1]/width[1]/text()[1]
***********************

	at org.testng.Assert.fail(Assert.java:89)
	at com.sharpqa.comparesolution.test.ComparisonCompareOnlyTest.testXMLPageObjectMapAgainstExpeted(ComparisonCompareOnlyTest.java:43)
	at sun.reflect.NativeMethodAccessorImpl.invoke0(Native Method)
	at sun.reflect.NativeMethodAccessorImpl.invoke(NativeMethodAccessorImpl.java:39)
	at sun.reflect.DelegatingMethodAccessorImpl.invoke(DelegatingMethodAccessorImpl.java:25)
	at java.lang.reflect.Method.invoke(Method.java:597)
	at org.testng.internal.MethodInvocationHelper.invokeMethod(MethodInvocationHelper.java:80)
	at org.testng.internal.InvokeMethodRunnable.runOne(InvokeMethodRunnable.java:46)
	at org.testng.internal.InvokeMethodRunnable.run(InvokeMethodRunnable.java:37)
	at java.util.concurrent.Executors$RunnableAdapter.call(Executors.java:441)
	at java.util.concurrent.FutureTask$Sync.innerRun(FutureTask.java:303)
	at java.util.concurrent.FutureTask.run(FutureTask.java:138)
	at java.util.concurrent.ThreadPoolExecutor$Worker.runTask(ThreadPoolExecutor.java:886)
	at java.util.concurrent.ThreadPoolExecutor$Worker.run(ThreadPoolExecutor.java:908)
	at java.lang.Thread.run(Thread.java:662)
]]>
    </error>
  </testcase>
  <testcase name="testXMLPageObjectMapAgainstExpeted" time="0.118" classname="com.sharpqa.comparesolution.test.ComparisonCompareOnlyTest"/>
</testsuite>
